Arguments: 
  /usr/bin/node /usr/share/yarn/bin/yarn.js add --dev @fortawesome/fontawesome-free

PATH: 
  /home/raito/bin:/home/raito/.local/bin:/var/www/style34/node_modules/.bin:/home/raito/bin:/home/raito/.local/bin:/usr/local/sbin:/usr/local/bin:/usr/sbin:/usr/bin:/sbin:/bin:/usr/games:/usr/local/games:/snap/bin

Yarn version: 
  1.12.3

Node version: 
  9.11.2

Platform: 
  linux x64

Trace: 
  Error: https://registry.yarnpkg.com/fontawesome-free: Not found
      at Request.params.callback [as _callback] (/usr/share/yarn/lib/cli.js:65894:18)
      at Request.self.callback (/usr/share/yarn/lib/cli.js:129018:22)
      at Request.emit (events.js:180:13)
      at Request.<anonymous> (/usr/share/yarn/lib/cli.js:129990:10)
      at Request.emit (events.js:180:13)
      at IncomingMessage.<anonymous> (/usr/share/yarn/lib/cli.js:129912:12)
      at Object.onceWrapper (events.js:272:13)
      at IncomingMessage.emit (events.js:185:15)
      at endReadableNT (_stream_readable.js:1106:12)
      at process._tickCallback (internal/process/next_tick.js:178:19)

npm manifest: 
  {
    "name": "style34",
    "version": "1.0.0",
    "main": "public/",
    "repository": "https://github.com/rs-webworks/style34",
    "author": "Raito Akehanareru <raito.akehanareru@gmail.com>",
    "license": "MIT",
    "dependencies": {
      "async": "^2.6.1",
      "bootstrap": "^4.1.1",
      "fontawesome-free": "^5.0.0",
      "jquery": "^3.3.1",
      "popper.js": "^1.14.3"
    },
    "devDependencies": {
      "node-sass": "^4.10.0"
    }
  }

yarn manifest: 
  No manifest

Lockfile: 
  # THIS IS AN AUTOGENERATED FILE. DO NOT EDIT THIS FILE DIRECTLY.
  # yarn lockfile v1
  
  
  bootstrap@^4.1.1:
    version "4.1.1"
    resolved "https://registry.yarnpkg.com/bootstrap/-/bootstrap-4.1.1.tgz#3aec85000fa619085da8d2e4983dfd67cf2114cb"
  
  font-awesome@^4.7.0:
    version "4.7.0"
    resolved "https://registry.yarnpkg.com/font-awesome/-/font-awesome-4.7.0.tgz#8fa8cf0411a1a31afd07b06d2902bb9fc815a133"
  
  jquery@^3.3.1:
    version "3.3.1"
    resolved "https://registry.yarnpkg.com/jquery/-/jquery-3.3.1.tgz#958ce29e81c9790f31be7792df5d4d95fc57fbca"
  
  popper.js@^1.14.3:
    version "1.14.3"
    resolved "https://registry.yarnpkg.com/popper.js/-/popper.js-1.14.3.tgz#1438f98d046acf7b4d78cd502bf418ac64d4f095"
